<?xml version="1.0" encoding="UTF-8" standalone="no"?>
<testsuite failures="0" name="cucumber.runtime.formatter.JUnitFormatter" skipped="0" tests="1" time="14.251472">
<testcase classname="Login into Free CRM Application" name="Validate Free CRM Home Page Test" time="14.251472">
<system-out><![CDATA[Given user opens browser....................................................passed
Then user is on login page..................................................passed
Then user log into application..............................................passed
Then validate home page tile................................................passed
Then validate logged in username............................................passed
Then close the browser......................................................passed
]]></system-out>
</testcase>
</testsuite>
