<?xml version="1.0" encoding="UTF-8"?>
<!-- Generated by org.testng.reporters.JUnitReportReporter -->
<testsuite skipped="0" hostname="PRO-RAET-AVINASH" name="com.qa.runner.TestRunner" tests="1" failures="0" timestamp="11 Oct 2018 08:18:39 GMT" time="14.295" errors="0">
  <testcase name="feature" time="14.295" classname="com.qa.runner.TestRunner"/>
</testsuite> <!-- com.qa.runner.TestRunner -->
